<?xml version="1.0" encoding="UTF-8"?>
<testsuites>
  <testsuite name="fastlane.lanes">
    
    
    
      
      <testcase classname="fastlane.lanes" name="0: update_fastlane" time="3.076192">
        
      </testcase>
    
      
      <testcase classname="fastlane.lanes" name="1: default_platform" time="0.000283">
        
      </testcase>
    
      
      <testcase classname="fastlane.lanes" name="2: xcodebuild" time="13.241398">
        
          <failure message="/Users/suhwonji/.rbenv/versions/3.0.5/lib/ruby/gems/3.0.0/gems/fastlane-2.212.1/fastlane/lib/fastlane/actions/actions_helper.rb:67:in `execute_action&apos;&#10;/Users/suhwonji/.rbenv/versions/3.0.5/lib/ruby/gems/3.0.0/gems/fastlane-2.212.1/fastlane/lib/fastlane/runner.rb:255:in `block in execute_action&apos;&#10;/Users/suhwonji/.rbenv/versions/3.0.5/lib/ruby/gems/3.0.0/gems/fastlane-2.212.1/fastlane/lib/fastlane/runner.rb:229:in `chdir&apos;&#10;/Users/suhwonji/.rbenv/versions/3.0.5/lib/ruby/gems/3.0.0/gems/fastlane-2.212.1/fastlane/lib/fastlane/runner.rb:229:in `execute_action&apos;&#10;/Users/suhwonji/.rbenv/versions/3.0.5/lib/ruby/gems/3.0.0/gems/fastlane-2.212.1/fastlane/lib/fastlane/runner.rb:157:in `trigger_action_by_name&apos;&#10;/Users/suhwonji/.rbenv/versions/3.0.5/lib/ruby/gems/3.0.0/gems/fastlane-2.212.1/fastlane/lib/fastlane/fast_file.rb:159:in `method_missing&apos;&#10;Fastfile:75:in `block (2 levels) in parsing_binding&apos;&#10;/Users/suhwonji/.rbenv/versions/3.0.5/lib/ruby/gems/3.0.0/gems/fastlane-2.212.1/fastlane/lib/fastlane/lane.rb:33:in `call&apos;&#10;/Users/suhwonji/.rbenv/versions/3.0.5/lib/ruby/gems/3.0.0/gems/fastlane-2.212.1/fastlane/lib/fastlane/runner.rb:49:in `block in execute&apos;&#10;/Users/suhwonji/.rbenv/versions/3.0.5/lib/ruby/gems/3.0.0/gems/fastlane-2.212.1/fastlane/lib/fastlane/runner.rb:45:in `chdir&apos;&#10;/Users/suhwonji/.rbenv/versions/3.0.5/lib/ruby/gems/3.0.0/gems/fastlane-2.212.1/fastlane/lib/fastlane/runner.rb:45:in `execute&apos;&#10;/Users/suhwonji/.rbenv/versions/3.0.5/lib/ruby/gems/3.0.0/gems/fastlane-2.212.1/fastlane/lib/fastlane/lane_manager.rb:47:in `cruise_lane&apos;&#10;/Users/suhwonji/.rbenv/versions/3.0.5/lib/ruby/gems/3.0.0/gems/fastlane-2.212.1/fastlane/lib/fastlane/command_line_handler.rb:36:in `handle&apos;&#10;/Users/suhwonji/.rbenv/versions/3.0.5/lib/ruby/gems/3.0.0/gems/fastlane-2.212.1/fastlane/lib/fastlane/commands_generator.rb:110:in `block (2 levels) in run&apos;&#10;/Users/suhwonji/.rbenv/versions/3.0.5/lib/ruby/gems/3.0.0/gems/commander-4.6.0/lib/commander/command.rb:187:in `call&apos;&#10;/Users/suhwonji/.rbenv/versions/3.0.5/lib/ruby/gems/3.0.0/gems/commander-4.6.0/lib/commander/command.rb:157:in `run&apos;&#10;/Users/suhwonji/.rbenv/versions/3.0.5/lib/ruby/gems/3.0.0/gems/commander-4.6.0/lib/commander/runner.rb:444:in `run_active_command&apos;&#10;/Users/suhwonji/.rbenv/versions/3.0.5/lib/ruby/gems/3.0.0/gems/fastlane-2.212.1/fastlane_core/lib/fastlane_core/ui/fastlane_runner.rb:124:in `run!&apos;&#10;/Users/suhwonji/.rbenv/versions/3.0.5/lib/ruby/gems/3.0.0/gems/commander-4.6.0/lib/commander/delegates.rb:18:in `run!&apos;&#10;/Users/suhwonji/.rbenv/versions/3.0.5/lib/ruby/gems/3.0.0/gems/fastlane-2.212.1/fastlane/lib/fastlane/commands_generator.rb:354:in `run&apos;&#10;/Users/suhwonji/.rbenv/versions/3.0.5/lib/ruby/gems/3.0.0/gems/fastlane-2.212.1/fastlane/lib/fastlane/commands_generator.rb:43:in `start&apos;&#10;/Users/suhwonji/.rbenv/versions/3.0.5/lib/ruby/gems/3.0.0/gems/fastlane-2.212.1/fastlane/lib/fastlane/cli_tools_distributor.rb:123:in `take_off&apos;&#10;/Users/suhwonji/.rbenv/versions/3.0.5/lib/ruby/gems/3.0.0/gems/fastlane-2.212.1/bin/fastlane:23:in `&lt;top (required)&gt;&apos;&#10;/Users/suhwonji/.rbenv/versions/3.0.5/bin/fastlane:25:in `load&apos;&#10;/Users/suhwonji/.rbenv/versions/3.0.5/bin/fastlane:25:in `&lt;main&gt;&apos;&#10;&#10;Exit status of command &apos;set -o pipefail &amp;&amp; xcodebuild archive -archivePath &quot;./output/MarketApp.xcarchive&quot; -scheme &quot;MarketApp&quot; -workspace &quot;MarketApp.xcworkspace&quot; | tee &apos;/Users/suhwonji/Library/Logs/fastlane/xcbuild/2023-02-25/46254/xcodebuild.log&apos; | xcpretty --color --simple&apos; was 65 instead of 0.&#10;--- xcodebuild: WARNING: Using the first of multiple matching destinations:&#10;{ platform:iOS, id:dvtdevice-DVTiPhonePlaceholder-iphoneos:placeholder, name:Any iOS Device }&#10;{ platform:iOS Simulator, id:dvtdevice-DVTiOSDeviceSimulatorPlaceholder-iphonesimulator:placeholder, name:Any iOS Simulator Device }&#10;{ platform:iOS, id:00008101-001874A826F0001E, name:서원지의 iPhone }&#10;{ platform:iOS Simulator, id:DD2259B9-C35A-4C35-A52B-80ED6C7C05EB, OS:16.2, name:iPhone 12 Pro }&#10;{ platform:iOS Simulator, id:5AE46FE4-ABD5-42FB-987B-F006E1706015, OS:16.2, name:iPhone 13 Pro }&#10;{ platform:iOS Simulator, id:01BF9CC8-3908-4C70-AC61-DB657673D716, OS:16.2, name:iPhone 13 mini }&#10;{ platform:iOS Simulator, id:E48CBC36-99C1-41D6-B46C-9A7E7DDC24CD, OS:16.2, name:iPhone 14 }&#10;{ platform:iOS Simulator, id:A422A709-751F-4718-AD2A-7A49CD2B7B6F, OS:16.2, name:iPhone 14 Plus }&#10;{ platform:iOS Simulator, id:76C6B649-8B57-45F9-AD2E-4C3B329460C5, OS:16.2, name:iPhone 14 Pro }&#10;{ platform:iOS Simulator, id:9FD10706-F324-485D-B167-11E3DB7A8310, OS:16.2, name:iPhone 14 Pro Max }&#10;{ platform:iOS Simulator, id:8B22C03B-0A9C-4CC1-9463-09A7422109E0, OS:16.2, name:iPhone SE (3rd generation) }&#10;    [33mRun script build phase &apos;Create Symlinks to Header Folders&apos; will be run during every build because it does not specify any outputs. To address this warning, either add output dependencies to the script phase, or configure it to run in every build by unchecking &quot;Based on dependency analysis&quot; in the script phase. (in target &apos;gRPC-Core&apos; from project &apos;Pods&apos;)[0m&#10;    [33mRun script build phase &apos;Create Symlinks to Header Folders&apos; will be run during every build because it does not specify any outputs. To address this warning, either add output dependencies to the script phase, or configure it to run in every build by unchecking &quot;Based on dependency analysis&quot; in the script phase. (in target &apos;abseil&apos; from project &apos;Pods&apos;)[0m&#10;    [33mRun script build phase &apos;Create Symlinks to Header Folders&apos; will be run during every build because it does not specify any outputs. To address this warning, either add output dependencies to the script phase, or configure it to run in every build by unchecking &quot;Based on dependency analysis&quot; in the script phase. (in target &apos;BoringSSL-GRPC&apos; from project &apos;Pods&apos;)[0m&#10;    [33mRun script build phase &apos;Create Symlinks to Header Folders&apos; will be run during every build because it does not specify any outputs. To address this warning, either add output dependencies to the script phase, or configure it to run in every build by unchecking &quot;Based on dependency analysis&quot; in the script phase. (in target &apos;gRPC-C++&apos; from project &apos;Pods&apos;)[0m&#10;    [33mRun script build phase &apos;Create Symlinks to Header Folders&apos; will be run during every build because it does not specify any outputs. To address this warning, either add output dependencies to the script phase, or configure it to run in every build by unchecking &quot;Based on dependency analysis&quot; in the script phase. (in target &apos;Libuv-gRPC&apos; from project &apos;Pods&apos;)[0m&#10;** ARCHIVE FAILED **&#10;&#10;" />
        
      </testcase>
    
  </testsuite>
</testsuites>
